<?xml version="1.0" encoding="UTF-8"?>
<testsuite xmlns:xsi="http://www.w3.org/2001/XMLSchema-instance" xsi:noNamespaceSchemaLocation="https://maven.apache.org/surefire/maven-surefire-plugin/xsd/surefire-test-report.xsd" version="3.0.2" name="com.smartpack.smartpack_api.SmartpackApiApplicationTests" time="9.003" tests="1" errors="0" skipped="0" failures="0">
  <properties>
[...]
</properties>
  <testcase name="contextLoads" classname="com.smartpack.smartpack_api.SmartpackApiApplicationTests" time="0.715">
    <system-out><![CDATA[20:09:09.473 [main] INFO org.springframework.test.context.support.AnnotationConfigContextLoaderUtils -- Could not detect default configuration classes for test class [com.smartpack.smartpack_api.SmartpackApiApplicationTests]: SmartpackApiApplicationTests does not declare any static, non-private, non-final, nested classes annotated with @Configuration.
20:09:09.673 [main] INFO org.springframework.boot.test.context.SpringBootTestContextBootstrapper -- Found @SpringBootConfiguration com.smartpack.smartpack_api.SmartpackApiApplication for test class com.smartpack.smartpack_api.SmartpackApiApplicationTests
20:09:09.954 [main] INFO org.springframework.boot.devtools.restart.RestartApplicationListener -- Restart disabled due to context in which it is running

  .   ____          _            __ _ _
 /\\ / ___'_ __ _ _(_)_ __  __ _ \ \ \ \
( ( )\___ | '_ | '_| | '_ \/ _` | \ \ \ \
 \\/  ___)| |_)| | | | | || (_| |  ) ) ) )
  '  |____| .__|_| |_|_| |_\__, | / / / /
 =========|_|==============|___/=/_/_/_/

 :: Spring Boot ::                (v3.4.3)

2025-03-15T20:09:10.535+01:00  INFO 24424 --- [smartpack-api] [           main] c.s.s.SmartpackApiApplicationTests       : Starting SmartpackApiApplicationTests using Java 17.0.14 with PID 24424 (started by gloom in C:\Users\gloom\projects\smartpack-api)
2025-03-15T20:09:10.540+01:00  INFO 24424 --- [smartpack-api] [           main] c.s.s.SmartpackApiApplicationTests       : No active profile set, falling back to 1 default profile: "default"
2025-03-15T20:09:11.577+01:00  INFO 24424 --- [smartpack-api] [           main] .s.d.r.c.RepositoryConfigurationDelegate : Bootstrapping Spring Data JPA repositories in DEFAULT mode.
2025-03-15T20:09:11.656+01:00  INFO 24424 --- [smartpack-api] [           main] .s.d.r.c.RepositoryConfigurationDelegate : Finished Spring Data repository scanning in 56 ms. Found 1 JPA repository interface.
2025-03-15T20:09:12.982+01:00  INFO 24424 --- [smartpack-api] [           main] o.hibernate.jpa.internal.util.LogHelper  : HHH000204: Processing PersistenceUnitInfo [name: default]
2025-03-15T20:09:13.111+01:00  INFO 24424 --- [smartpack-api] [           main] org.hibernate.Version                    : HHH000412: Hibernate ORM core version 6.6.8.Final
2025-03-15T20:09:13.175+01:00  INFO 24424 --- [smartpack-api] [           main] o.h.c.internal.RegionFactoryInitiator    : HHH000026: Second-level cache disabled
2025-03-15T20:09:13.728+01:00  INFO 24424 --- [smartpack-api] [           main] o.s.o.j.p.SpringPersistenceUnitInfo      : No LoadTimeWeaver setup: ignoring JPA class transformer
2025-03-15T20:09:13.787+01:00  INFO 24424 --- [smartpack-api] [           main] com.zaxxer.hikari.HikariDataSource       : HikariPool-1 - Starting...
2025-03-15T20:09:14.056+01:00  INFO 24424 --- [smartpack-api] [           main] com.zaxxer.hikari.pool.HikariPool        : HikariPool-1 - Added connection com.mysql.cj.jdbc.ConnectionImpl@75c33608
2025-03-15T20:09:14.059+01:00  INFO 24424 --- [smartpack-api] [           main] com.zaxxer.hikari.HikariDataSource       : HikariPool-1 - Start completed.
2025-03-15T20:09:14.104+01:00  WARN 24424 --- [smartpack-api] [           main] org.hibernate.orm.deprecation            : HHH90000025: MySQL8Dialect does not need to be specified explicitly using 'hibernate.dialect' (remove the property setting and it will be selected by default)
2025-03-15T20:09:14.106+01:00  WARN 24424 --- [smartpack-api] [           main] org.hibernate.orm.deprecation            : HHH90000026: MySQL8Dialect has been deprecated; use org.hibernate.dialect.MySQLDialect instead
2025-03-15T20:09:14.147+01:00  INFO 24424 --- [smartpack-api] [           main] org.hibernate.orm.connections.pooling    : HHH10001005: Database info:
	Database JDBC URL [Connecting through datasource 'HikariDataSource (HikariPool-1)']
	Database driver: undefined/unknown
	Database version: 8.0
	Autocommit mode: undefined/unknown
	Isolation level: undefined/unknown
	Minimum pool size: undefined/unknown
	Maximum pool size: undefined/unknown
2025-03-15T20:09:15.543+01:00  INFO 24424 --- [smartpack-api] [           main] o.h.e.t.j.p.i.JtaPlatformInitiator       : HHH000489: No JTA platform available (set 'hibernate.transaction.jta.platform' to enable JTA platform integration)
2025-03-15T20:09:15.622+01:00  INFO 24424 --- [smartpack-api] [           main] j.LocalContainerEntityManagerFactoryBean : Initialized JPA EntityManagerFactory for persistence unit 'default'
2025-03-15T20:09:16.226+01:00  WARN 24424 --- [smartpack-api] [           main] JpaBaseConfiguration$JpaWebConfiguration : spring.jpa.open-in-view is enabled by default. Therefore, database queries may be performed during view rendering. Explicitly configure spring.jpa.open-in-view to disable this warning
2025-03-15T20:09:16.520+01:00  INFO 24424 --- [smartpack-api] [           main] eAuthenticationProviderManagerConfigurer : Global AuthenticationManager configured with AuthenticationProvider bean with name authenticationProvider
2025-03-15T20:09:16.521+01:00  WARN 24424 --- [smartpack-api] [           main] r$InitializeUserDetailsManagerConfigurer : Global AuthenticationManager configured with an AuthenticationProvider bean. UserDetailsService beans will not be used by Spring Security for automatically configuring username/password login. Consider removing the AuthenticationProvider bean. Alternatively, consider using the UserDetailsService in a manually instantiated DaoAuthenticationProvider. If the current configuration is intentional, to turn off this warning, increase the logging level of 'org.springframework.security.config.annotation.authentication.configuration.InitializeUserDetailsBeanManagerConfigurer' to ERROR
2025-03-15T20:09:16.678+01:00  INFO 24424 --- [smartpack-api] [           main] o.s.b.a.w.s.WelcomePageHandlerMapping    : Adding welcome page template: index
2025-03-15T20:09:16.905+01:00 DEBUG 24424 --- [smartpack-api] [           main] o.s.s.web.DefaultSecurityFilterChain     : Will secure any request with filters: DisableEncodeUrlFilter, WebAsyncManagerIntegrationFilter, SecurityContextHolderFilter, HeaderWriterFilter, LogoutFilter, JwtAuthenticationFilter, RequestCacheAwareFilter, SecurityContextHolderAwareRequestFilter, AnonymousAuthenticationFilter, SessionManagementFilter, ExceptionTranslationFilter, AuthorizationFilter
2025-03-15T20:09:17.135+01:00  INFO 24424 --- [smartpack-api] [           main] o.s.v.b.OptionalValidatorFactoryBean     : Failed to set up a Bean Validation provider: jakarta.validation.NoProviderFoundException: Unable to create a Configuration, because no Jakarta Bean Validation provider could be found. Add a provider like Hibernate Validator (RI) to your classpath.
2025-03-15T20:09:17.474+01:00  INFO 24424 --- [smartpack-api] [           main] c.s.s.SmartpackApiApplicationTests       : Started SmartpackApiApplicationTests in 7.536 seconds (process running for 9.163)
]]></system-out>
  </testcase>
</testsuite>